2019-07-01 00:22:49,062  INFO [main] WebEventListener:14 - Before navigating to: 'https://www.zoopla.co.uk/'
2019-07-01 00:23:03,093  INFO [main] WebEventListener:18 - Navigated to:'https://www.zoopla.co.uk/'
2019-07-01 00:23:03,200  INFO [main] HomePage:64 - Trying to find Element By : By.name: q
2019-07-01 00:23:03,429  INFO [main] HomePage:68 - Found Element By : By.name: q
2019-07-01 00:23:03,890  INFO [main] HomePage:64 - Trying to find Element By : By.xpath: //button[@type='submit']
2019-07-01 00:23:04,057  INFO [main] HomePage:68 - Found Element By : By.xpath: //button[@type='submit']
2019-07-01 00:23:04,058  INFO [main] HomePage:31 - Trying to click on: [[ChromeDriver: chrome on XP (56ea0541b0098a31dc5647664ccbf4b3)] -> xpath: //button[@type='submit']]
2019-07-01 00:23:31,819  INFO [main] HomePage:35 - Clicked on: [[ChromeDriver: chrome on XP (56ea0541b0098a31dc5647664ccbf4b3)] -> xpath: //button[@type='submit']]
2019-07-01 00:23:31,894  INFO [main] ForSalePage:64 - Trying to find Element By : By.xpath: //i[contains(@class,'cancel')]
2019-07-01 00:23:31,972  INFO [main] ForSalePage:68 - Found Element By : By.xpath: //i[contains(@class,'cancel')]
2019-07-01 00:23:31,973  INFO [main] ForSalePage:31 - Trying to click on: [[ChromeDriver: chrome on XP (56ea0541b0098a31dc5647664ccbf4b3)] -> xpath: //i[contains(@class,'cancel')]]
2019-07-01 00:23:32,116  INFO [main] ForSalePage:35 - Clicked on: [[ChromeDriver: chrome on XP (56ea0541b0098a31dc5647664ccbf4b3)] -> xpath: //i[contains(@class,'cancel')]]
2019-07-01 00:23:32,116  INFO [main] ForSalePage:64 - Trying to find Element By : By.xpath: //li[contains(@id,'listing_')]//a[contains(@class, 'price')]
2019-07-01 00:23:32,218  INFO [main] ForSalePage:68 - Found Element By : By.xpath: //li[contains(@id,'listing_')]//a[contains(@class, 'price')]
2019-07-01 00:23:32,219  INFO [main] ForSalePage:31 - Trying to click on: [[ChromeDriver: chrome on XP (56ea0541b0098a31dc5647664ccbf4b3)] -> xpath: //li[contains(@id,'listing_')]//a[contains(@class, 'price')]]
2019-07-01 00:23:32,550 ERROR [main] ForSalePage:55 - Exception occured: org.openqa.selenium.WebDriverException: unknown error: Element <a href="/for-sale/details/51935714?search_identifier=6323219902a84fc51cd97861178ef6ce" class="listing-results-price text-price">...</a> is not clickable at point (649, 586). Other element would receive the click: <h3 class="listing-results-attr">...</h3>
  (Session info: chrome=75.0.3770.100)
  (Driver info: chromedriver=2.40.565498 (ea082db3280dd6843ebfb08a625e3eb905c4f5ab),platform=Windows NT 10.0.15063 x86_64) (WARNING: The server did not provide any stacktrace information)
Command duration or timeout: 0 milliseconds
Build info: version: '3.141.59', revision: 'e82be7d358', time: '2018-11-14T08:17:03'
System info: host: 'DESKTOP-2ED4479', ip: '192.168.0.6', os.name: 'Windows 10', os.arch: 'amd64', os.version: '10.0', java.version: '1.8.0_131'
Driver info: org.openqa.selenium.chrome.ChromeDriver
Capabilities {acceptInsecureCerts: false, acceptSslCerts: false, applicationCacheEnabled: false, browserConnectionEnabled: false, browserName: chrome, chrome: {chromedriverVersion: 2.40.565498 (ea082db3280dd6..., userDataDir: C:\Users\home\AppData\Local...}, cssSelectorsEnabled: true, databaseEnabled: false, handlesAlerts: true, hasTouchScreen: false, javascriptEnabled: true, locationContextEnabled: true, mobileEmulationEnabled: false, nativeEvents: true, networkConnectionEnabled: false, pageLoadStrategy: normal, platform: XP, platformName: XP, rotatable: false, setWindowRect: true, takesHeapSnapshot: true, takesScreenshot: true, unexpectedAlertBehaviour: , unhandledPromptBehavior: , version: 75.0.3770.100, webStorageEnabled: true}
Session ID: 56ea0541b0098a31dc5647664ccbf4b3
2019-07-01 00:23:40,511  INFO [main] WebEventListener:14 - Before navigating to: 'https://www.zoopla.co.uk/'
2019-07-01 00:24:04,767  INFO [main] WebEventListener:18 - Navigated to:'https://www.zoopla.co.uk/'
2019-07-01 00:24:04,768  INFO [main] HomePage:64 - Trying to find Element By : By.name: q
2019-07-01 00:24:04,806  INFO [main] HomePage:68 - Found Element By : By.name: q
2019-07-01 00:24:05,133  INFO [main] HomePage:64 - Trying to find Element By : By.xpath: //button[@type='submit']
2019-07-01 00:24:05,169  INFO [main] HomePage:68 - Found Element By : By.xpath: //button[@type='submit']
2019-07-01 00:24:05,169  INFO [main] HomePage:31 - Trying to click on: [[ChromeDriver: chrome on XP (d3889b374916bd764e868fe117ba1818)] -> xpath: //button[@type='submit']]
2019-07-01 00:24:27,046  INFO [main] HomePage:35 - Clicked on: [[ChromeDriver: chrome on XP (d3889b374916bd764e868fe117ba1818)] -> xpath: //button[@type='submit']]
2019-07-01 00:24:27,048  INFO [main] ForSalePage:64 - Trying to find Element By : By.xpath: //li[contains(@id,'listing_')]//a[contains(@class, 'price')]
2019-07-01 00:24:27,096  INFO [main] ForSalePage:68 - Found Element By : By.xpath: //li[contains(@id,'listing_')]//a[contains(@class, 'price')]
2019-07-01 00:24:36,606  INFO [main] WebEventListener:14 - Before navigating to: 'https://www.zoopla.co.uk/'
2019-07-01 00:25:04,800  INFO [main] WebEventListener:18 - Navigated to:'https://www.zoopla.co.uk/'
2019-07-01 00:25:04,802  INFO [main] HomePage:64 - Trying to find Element By : By.name: q
2019-07-01 00:25:04,844  INFO [main] HomePage:68 - Found Element By : By.name: q
2019-07-01 00:25:05,282  INFO [main] HomePage:64 - Trying to find Element By : By.xpath: //button[@type='submit']
2019-07-01 00:25:05,341  INFO [main] HomePage:68 - Found Element By : By.xpath: //button[@type='submit']
2019-07-01 00:25:05,342  INFO [main] HomePage:31 - Trying to click on: [[ChromeDriver: chrome on XP (f93dc486fb5a6b7d42bfa9eb18ce937e)] -> xpath: //button[@type='submit']]
2019-07-01 00:25:49,342  INFO [main] HomePage:35 - Clicked on: [[ChromeDriver: chrome on XP (f93dc486fb5a6b7d42bfa9eb18ce937e)] -> xpath: //button[@type='submit']]
2019-07-01 00:25:49,343  INFO [main] ForSalePage:64 - Trying to find Element By : By.tagName: h1
2019-07-01 00:25:49,605  INFO [main] ForSalePage:68 - Found Element By : By.tagName: h1
2019-07-01 00:26:22,135  INFO [main] WebEventListener:14 - Before navigating to: 'https://www.zoopla.co.uk/'
2019-07-01 00:26:42,874  INFO [main] WebEventListener:18 - Navigated to:'https://www.zoopla.co.uk/'
2019-07-01 00:26:52,048  INFO [main] WebEventListener:14 - Before navigating to: 'https://www.zoopla.co.uk/'
2019-07-01 00:26:57,969  INFO [main] WebEventListener:18 - Navigated to:'https://www.zoopla.co.uk/'
2019-07-01 00:26:57,970  INFO [main] HomePage:64 - Trying to find Element By : By.name: q
2019-07-01 00:27:03,089  INFO [main] HomePage:68 - Found Element By : By.name: q
2019-07-01 00:27:08,563  INFO [main] HomePage:64 - Trying to find Element By : By.xpath: //button[@type='submit']
2019-07-01 00:27:08,694  INFO [main] HomePage:68 - Found Element By : By.xpath: //button[@type='submit']
2019-07-01 00:27:08,695  INFO [main] HomePage:31 - Trying to click on: [[ChromeDriver: chrome on XP (fadf0f76d7ffdc8d8e4b8a05868de44a)] -> xpath: //button[@type='submit']]
2019-07-01 00:27:38,913  INFO [main] HomePage:35 - Clicked on: [[ChromeDriver: chrome on XP (fadf0f76d7ffdc8d8e4b8a05868de44a)] -> xpath: //button[@type='submit']]
2019-07-01 00:27:38,915  INFO [main] ForSalePage:64 - Trying to find Element By : By.xpath: //i[contains(@class,'cancel')]
2019-07-01 00:27:38,958  INFO [main] ForSalePage:68 - Found Element By : By.xpath: //i[contains(@class,'cancel')]
2019-07-01 00:27:38,958  INFO [main] ForSalePage:31 - Trying to click on: [[ChromeDriver: chrome on XP (fadf0f76d7ffdc8d8e4b8a05868de44a)] -> xpath: //i[contains(@class,'cancel')]]
2019-07-01 00:27:39,268  INFO [main] ForSalePage:35 - Clicked on: [[ChromeDriver: chrome on XP (fadf0f76d7ffdc8d8e4b8a05868de44a)] -> xpath: //i[contains(@class,'cancel')]]
2019-07-01 00:27:39,269  INFO [main] ForSalePage:64 - Trying to find Element By : By.xpath: //li[contains(@id,'listing_')]//a[contains(@class, 'price')]
2019-07-01 00:27:39,335  INFO [main] ForSalePage:68 - Found Element By : By.xpath: //li[contains(@id,'listing_')]//a[contains(@class, 'price')]
2019-07-01 00:27:39,336  INFO [main] ForSalePage:31 - Trying to click on: [[ChromeDriver: chrome on XP (fadf0f76d7ffdc8d8e4b8a05868de44a)] -> xpath: //li[contains(@id,'listing_')]//a[contains(@class, 'price')]]
2019-07-01 00:27:50,409  INFO [main] ForSalePage:35 - Clicked on: [[ChromeDriver: chrome on XP (fadf0f76d7ffdc8d8e4b8a05868de44a)] -> xpath: //li[contains(@id,'listing_')]//a[contains(@class, 'price')]]
2019-07-01 00:27:50,565  INFO [main] PropertyDtlPage:64 - Trying to find Element By : By.xpath: //h4[contains(@class, 'name')]
2019-07-01 00:27:50,599  INFO [main] PropertyDtlPage:68 - Found Element By : By.xpath: //h4[contains(@class, 'name')]
2019-07-01 00:27:50,762  INFO [main] PropertyDtlPage:64 - Trying to find Element By : By.xpath: //address[contains(@class, 'address')]
2019-07-01 00:27:50,802  INFO [main] PropertyDtlPage:68 - Found Element By : By.xpath: //address[contains(@class, 'address')]
2019-07-01 00:27:50,826  INFO [main] PropertyDtlPage:64 - Trying to find Element By : By.xpath: //div[contains(@class,'logo')]/img
2019-07-01 00:27:50,866  INFO [main] PropertyDtlPage:68 - Found Element By : By.xpath: //div[contains(@class,'logo')]/img
2019-07-01 00:27:50,878  INFO [main] PropertyDtlPage:64 - Trying to find Element By : By.xpath: //span[text()='Call ']//ancestor::a
2019-07-01 00:27:50,906  INFO [main] PropertyDtlPage:68 - Found Element By : By.xpath: //span[text()='Call ']//ancestor::a
